<?xml version="1.0" encoding="UTF-8"?>
<!-- Generated by org.testng.reporters.JUnitXMLReporter -->
<testsuite hostname="03RNBC-PC02167" name="Default test" tests="5" failures="0" timestamp="11 Apr 2020 20:46:06 GMT" time="204.769" errors="0">
  <testcase name="verifyHomePageTitleTest" time="0.027" classname="com.crm.qa.testcases.HomePageTest"/>
  <testcase name="verifyUserLabelTest" time="0.173" classname="com.crm.qa.testcases.HomePageTest"/>
  <testcase name="verifyContactsLinkTest" time="0.228" classname="com.crm.qa.testcases.HomePageTest"/>
  <testcase name="verifyDealsLinkTest" time="0.277" classname="com.crm.qa.testcases.HomePageTest"/>
  <testcase name="verifyCompaniesLinkTest" time="0.355" classname="com.crm.qa.testcases.HomePageTest"/>
</testsuite> <!-- Default test -->
