<?xml version="1.0" encoding="UTF-8"?>
<!-- Generated by org.testng.reporters.JUnitXMLReporter -->
<testsuite hostname="03RNBC-PC02167" ignored="0" name="Command line test" tests="7" failures="0" timestamp="11 Apr 2020 20:26:25 GMT" time="320.755" errors="0">
  <testcase name="verifyCompaniesLinkTest" time="0.188" classname="com.crm.qa.testcases.HomePageTest"/>
  <testcase name="verifyContactPageTitleTest" time="0.15" classname="com.crm.qa.testcases.ContactsPageTest"/>
  <testcase name="verifyHomePageTitleTest" time="0.015" classname="com.crm.qa.testcases.HomePageTest"/>
  <testcase name="loginPageTitleTest" time="0.016" classname="com.crm.qa.testcases.LoginPageTest"/>
  <testcase name="validateNewConataPageLinkTest" time="2.689" classname="com.crm.qa.testcases.ContactsPageTest"/>
  <testcase name="validateNewConataPageLinkTest" time="2.624" classname="com.crm.qa.testcases.ContactsPageTest"/>
  <testcase name="validateNewConataPageLinkTest" time="3.245" classname="com.crm.qa.testcases.ContactsPageTest"/>
</testsuite> <!-- Command line test -->
