<?xml version="1.0" encoding="UTF-8"?>
<!-- Generated by org.testng.reporters.JUnitXMLReporter -->
<testsuite hostname="03RNBC-PC02167" name="Free CRM App Test Cases" tests="6" failures="0" timestamp="10 Apr 2020 20:26:36 GMT" time="0.069" errors="0">
  <testcase name="@AfterMethod afterClass" time="0.0" classname="com.crm.qa.testcases.functionality1">
    <failure type="java.lang.NullPointerException">
      <![CDATA[java.lang.NullPointerException
	at java.util.regex.Matcher.getTextLength(Matcher.java:1283)
	at java.util.regex.Matcher.reset(Matcher.java:309)
	at java.util.regex.Matcher.<init>(Matcher.java:229)
	at java.util.regex.Pattern.matcher(Pattern.java:1093)
	at com.aventstack.extentreports.utils.ExceptionUtil.getExceptionHeadline(ExceptionUtil.java:25)
	at com.aventstack.extentreports.model.ExceptionInfo.<init>(ExceptionInfo.java:19)
	at com.aventstack.extentreports.ExtentTest.log(ExtentTest.java:405)
	at com.aventstack.extentreports.ExtentTest.skip(ExtentTest.java:947)
	at com.aventstack.extentreports.ExtentTest.skip(ExtentTest.java:959)
	at com.crm.qa.base.TestBase.afterClass(TestBase.java:98)
... Removed 26 stack frames]]>
    </failure>
  </testcase> <!-- @AfterMethod afterClass -->
  <testcase name="@AfterMethod afterClass" time="0.0" classname="com.crm.qa.testcases.functionality1">
    <skipped/>
  </testcase> <!-- @AfterMethod afterClass -->
  <testcase name="@AfterMethod afterClass" time="0.0" classname="com.crm.qa.testcases.functionality1">
    <skipped/>
  </testcase> <!-- @AfterMethod afterClass -->
  <testcase name="@AfterMethod afterClass" time="0.0" classname="com.crm.qa.testcases.functionality2">
    <skipped/>
  </testcase> <!-- @AfterMethod afterClass -->
  <testcase name="@AfterMethod afterClass" time="0.0" classname="com.crm.qa.testcases.functionality2">
    <skipped/>
  </testcase> <!-- @AfterMethod afterClass -->
  <testcase name="@AfterMethod afterClass" time="0.0" classname="com.crm.qa.testcases.functionality2">
    <skipped/>
  </testcase> <!-- @AfterMethod afterClass -->
  <testcase name="functionality1Test1" time="0.009" classname="com.crm.qa.testcases.functionality1"/>
  <testcase name="functionality1Test2" time="0.001" classname="com.crm.qa.testcases.functionality1">
    <skipped/>
  </testcase> <!-- functionality1Test2 -->
  <testcase name="functionality1Test3" time="0.001" classname="com.crm.qa.testcases.functionality1">
    <skipped/>
  </testcase> <!-- functionality1Test3 -->
  <testcase name="functionality2Test1" time="0.001" classname="com.crm.qa.testcases.functionality2">
    <skipped/>
  </testcase> <!-- functionality2Test1 -->
  <testcase name="functionality2Test2" time="0.0" classname="com.crm.qa.testcases.functionality2">
    <skipped/>
  </testcase> <!-- functionality2Test2 -->
  <testcase name="functionality2Test3" time="0.0" classname="com.crm.qa.testcases.functionality2">
    <skipped/>
  </testcase> <!-- functionality2Test3 -->
</testsuite> <!-- Free CRM App Test Cases -->
