<?xml version="1.0" encoding="UTF-8" ?>
<testsuite tests="7" failures="0" name="TestSuite" time="8.927" errors="0" skipped="0">
  <properties>
[...]
</properties>
  <testcase classname="com.crm.qa.testcases.HomePageTest" name="verifyCompaniesLinkTest" time="0.19"/>
  <testcase classname="com.crm.qa.testcases.ContactsPageTest" name="verifyContactPageTitleTest" time="0.15"/>
  <testcase classname="com.crm.qa.testcases.HomePageTest" name="verifyHomePageTitleTest" time="0.016"/>
  <testcase classname="com.crm.qa.testcases.LoginPageTest" name="loginPageTitleTest" time="0.013"/>
  <testcase classname="com.crm.qa.testcases.ContactsPageTest" name="validateNewConataPageLinkTest" time="2.691"/>
  <testcase classname="com.crm.qa.testcases.ContactsPageTest" name="validateNewConataPageLinkTest" time="2.623"/>
  <testcase classname="com.crm.qa.testcases.ContactsPageTest" name="validateNewConataPageLinkTest" time="3.244"/>
</testsuite>