<?xml version="1.0" encoding="UTF-8"?>
<testng-results skipped="0" failed="0" ignored="0" total="7" passed="7">
  <reporter-output>
  </reporter-output>
  <suite name="Command line suite" duration-ms="320755" started-at="2020-04-11T20:21:04Z" finished-at="2020-04-11T20:26:25Z">
    <groups>
    </groups>
    <test name="Command line test" duration-ms="320755" started-at="2020-04-11T20:21:04Z" finished-at="2020-04-11T20:26:25Z">
      <class name="com.crm.qa.testcases.HomePageTest">
        <test-method status="PASS" signature="setUP()[pri:0, instance:com.crm.qa.testcases.HomePageTest@6be46e8f]" name="setUP" is-config="true" duration-ms="41972" started-at="2020-04-11T20:21:04Z" finished-at="2020-04-11T20:21:46Z">
          <reporter-output>
          </reporter-output>
        </test-method> <!-- setUP -->
        <test-method status="PASS" signature="verifyCompaniesLinkTest()[pri:0, instance:com.crm.qa.testcases.HomePageTest@6be46e8f]" name="verifyCompaniesLinkTest" duration-ms="188" started-at="2020-04-11T20:21:46Z" finished-at="2020-04-11T20:21:46Z">
          <reporter-output>
          </reporter-output>
        </test-method> <!-- verifyCompaniesLinkTest -->
        <test-method status="PASS" signature="tearDown()[pri:0, instance:com.crm.qa.testcases.HomePageTest@6be46e8f]" name="tearDown" is-config="true" duration-ms="1676" started-at="2020-04-11T20:21:46Z" finished-at="2020-04-11T20:21:48Z">
          <reporter-output>
          </reporter-output>
        </test-method> <!-- tearDown -->
        <test-method status="PASS" signature="setUP()[pri:0, instance:com.crm.qa.testcases.HomePageTest@6be46e8f]" name="setUP" is-config="true" duration-ms="43069" started-at="2020-04-11T20:22:32Z" finished-at="2020-04-11T20:23:16Z">
          <reporter-output>
          </reporter-output>
        </test-method> <!-- setUP -->
        <test-method status="PASS" signature="verifyHomePageTitleTest()[pri:1, instance:com.crm.qa.testcases.HomePageTest@6be46e8f]" name="verifyHomePageTitleTest" duration-ms="15" started-at="2020-04-11T20:23:16Z" finished-at="2020-04-11T20:23:16Z">
          <reporter-output>
          </reporter-output>
        </test-method> <!-- verifyHomePageTitleTest -->
        <test-method status="PASS" signature="tearDown()[pri:0, instance:com.crm.qa.testcases.HomePageTest@6be46e8f]" name="tearDown" is-config="true" duration-ms="1895" started-at="2020-04-11T20:23:16Z" finished-at="2020-04-11T20:23:17Z">
          <reporter-output>
          </reporter-output>
        </test-method> <!-- tearDown -->
      </class> <!-- com.crm.qa.testcases.HomePageTest -->
      <class name="com.crm.qa.testcases.ContactsPageTest">
        <test-method status="PASS" signature="setUP()[pri:0, instance:com.crm.qa.testcases.ContactsPageTest@68837a77]" name="setUP" is-config="true" duration-ms="42529" started-at="2020-04-11T20:21:48Z" finished-at="2020-04-11T20:22:31Z">
          <reporter-output>
          </reporter-output>
        </test-method> <!-- setUP -->
        <test-method status="PASS" signature="verifyContactPageTitleTest()[pri:1, instance:com.crm.qa.testcases.ContactsPageTest@68837a77]" name="verifyContactPageTitleTest" duration-ms="150" started-at="2020-04-11T20:22:31Z" finished-at="2020-04-11T20:22:31Z">
          <reporter-output>
          </reporter-output>
        </test-method> <!-- verifyContactPageTitleTest -->
        <test-method status="PASS" signature="tearDown()[pri:0, instance:com.crm.qa.testcases.ContactsPageTest@68837a77]" name="tearDown" is-config="true" duration-ms="1758" started-at="2020-04-11T20:22:31Z" finished-at="2020-04-11T20:22:32Z">
          <reporter-output>
          </reporter-output>
        </test-method> <!-- tearDown -->
        <test-method status="PASS" signature="setUP()[pri:0, instance:com.crm.qa.testcases.ContactsPageTest@68837a77]" name="setUP" is-config="true" duration-ms="46840" started-at="2020-04-11T20:23:51Z" finished-at="2020-04-11T20:24:38Z">
          <reporter-output>
          </reporter-output>
        </test-method> <!-- setUP -->
        <test-method status="PASS" signature="validateNewConataPageLinkTest(java.lang.String, java.lang.String, java.lang.String, java.lang.String)[pri:2, instance:com.crm.qa.testcases.ContactsPageTest@68837a77]" name="validateNewConataPageLinkTest" duration-ms="2689" started-at="2020-04-11T20:24:38Z" data-provider="getCRMTestData" finished-at="2020-04-11T20:24:40Z">
          <params>
            <param index="0">
              <value>
                <![CDATA[Mr.]]>
              </value>
            </param>
            <param index="1">
              <value>
                <![CDATA[Test2]]>
              </value>
            </param>
            <param index="2">
              <value>
                <![CDATA[Test2]]>
              </value>
            </param>
            <param index="3">
              <value>
                <![CDATA[Google]]>
              </value>
            </param>
          </params>
          <reporter-output>
          </reporter-output>
        </test-method> <!-- validateNewConataPageLinkTest -->
        <test-method status="PASS" signature="tearDown()[pri:0, instance:com.crm.qa.testcases.ContactsPageTest@68837a77]" name="tearDown" is-config="true" duration-ms="1183" started-at="2020-04-11T20:24:40Z" finished-at="2020-04-11T20:24:41Z">
          <reporter-output>
          </reporter-output>
        </test-method> <!-- tearDown -->
        <test-method status="PASS" signature="setUP()[pri:0, instance:com.crm.qa.testcases.ContactsPageTest@68837a77]" name="setUP" is-config="true" duration-ms="49358" started-at="2020-04-11T20:24:41Z" finished-at="2020-04-11T20:25:31Z">
          <reporter-output>
          </reporter-output>
        </test-method> <!-- setUP -->
        <test-method status="PASS" signature="validateNewConataPageLinkTest(java.lang.String, java.lang.String, java.lang.String, java.lang.String)[pri:2, instance:com.crm.qa.testcases.ContactsPageTest@68837a77]" name="validateNewConataPageLinkTest" duration-ms="2624" started-at="2020-04-11T20:25:31Z" data-provider="getCRMTestData" finished-at="2020-04-11T20:25:33Z">
          <params>
            <param index="0">
              <value>
                <![CDATA[Mr.]]>
              </value>
            </param>
            <param index="1">
              <value>
                <![CDATA[Test3]]>
              </value>
            </param>
            <param index="2">
              <value>
                <![CDATA[Test3]]>
              </value>
            </param>
            <param index="3">
              <value>
                <![CDATA[Amazon]]>
              </value>
            </param>
          </params>
          <reporter-output>
          </reporter-output>
        </test-method> <!-- validateNewConataPageLinkTest -->
        <test-method status="PASS" signature="tearDown()[pri:0, instance:com.crm.qa.testcases.ContactsPageTest@68837a77]" name="tearDown" is-config="true" duration-ms="1839" started-at="2020-04-11T20:25:33Z" finished-at="2020-04-11T20:25:35Z">
          <reporter-output>
          </reporter-output>
        </test-method> <!-- tearDown -->
        <test-method status="PASS" signature="setUP()[pri:0, instance:com.crm.qa.testcases.ContactsPageTest@68837a77]" name="setUP" is-config="true" duration-ms="45069" started-at="2020-04-11T20:25:35Z" finished-at="2020-04-11T20:26:20Z">
          <reporter-output>
          </reporter-output>
        </test-method> <!-- setUP -->
        <test-method status="PASS" signature="validateNewConataPageLinkTest(java.lang.String, java.lang.String, java.lang.String, java.lang.String)[pri:2, instance:com.crm.qa.testcases.ContactsPageTest@68837a77]" name="validateNewConataPageLinkTest" duration-ms="3245" started-at="2020-04-11T20:26:20Z" data-provider="getCRMTestData" finished-at="2020-04-11T20:26:24Z">
          <params>
            <param index="0">
              <value>
                <![CDATA[Mr.]]>
              </value>
            </param>
            <param index="1">
              <value>
                <![CDATA[Test4]]>
              </value>
            </param>
            <param index="2">
              <value>
                <![CDATA[Test4]]>
              </value>
            </param>
            <param index="3">
              <value>
                <![CDATA[Infosys]]>
              </value>
            </param>
          </params>
          <reporter-output>
          </reporter-output>
        </test-method> <!-- validateNewConataPageLinkTest -->
        <test-method status="PASS" signature="tearDown()[pri:0, instance:com.crm.qa.testcases.ContactsPageTest@68837a77]" name="tearDown" is-config="true" duration-ms="1296" started-at="2020-04-11T20:26:24Z" finished-at="2020-04-11T20:26:25Z">
          <reporter-output>
          </reporter-output>
        </test-method> <!-- tearDown -->
      </class> <!-- com.crm.qa.testcases.ContactsPageTest -->
      <class name="com.crm.qa.testcases.LoginPageTest">
        <test-method status="PASS" signature="setUp()[pri:0, instance:com.crm.qa.testcases.LoginPageTest@3567135c]" name="setUp" is-config="true" duration-ms="31336" started-at="2020-04-11T20:23:17Z" finished-at="2020-04-11T20:23:49Z">
          <reporter-output>
          </reporter-output>
        </test-method> <!-- setUp -->
        <test-method status="PASS" signature="loginPageTitleTest()[pri:1, instance:com.crm.qa.testcases.LoginPageTest@3567135c]" name="loginPageTitleTest" duration-ms="16" started-at="2020-04-11T20:23:49Z" finished-at="2020-04-11T20:23:49Z">
          <reporter-output>
          </reporter-output>
        </test-method> <!-- loginPageTitleTest -->
        <test-method status="PASS" signature="teraDown()[pri:0, instance:com.crm.qa.testcases.LoginPageTest@3567135c]" name="teraDown" is-config="true" duration-ms="1626" started-at="2020-04-11T20:23:49Z" finished-at="2020-04-11T20:23:50Z">
          <reporter-output>
          </reporter-output>
        </test-method> <!-- teraDown -->
      </class> <!-- com.crm.qa.testcases.LoginPageTest -->
    </test> <!-- Command line test -->
  </suite> <!-- Command line suite -->
</testng-results>
